SF:C:\DEV\dart_proffix_rest\lib\src\client.dart
FN:25,ProffixClient.ProffixClient
FN:75,ProffixClient.buildUriPx
FN:93,ProffixClient.login
FN:123,ProffixClient.logout
FN:145,ProffixClient.get
FN:182,ProffixClient.post
FN:217,ProffixClient._getUriUrl
FN:228,ProffixClient.close
FNDA:1,ProffixClient.ProffixClient
FNDA:1,ProffixClient.buildUriPx
FNDA:1,ProffixClient.login
FNDA:1,ProffixClient.logout
FNDA:1,ProffixClient.get
FNDA:1,ProffixClient._getUriUrl
FNDA:1,ProffixClient.close
FNF:8
FNH:7
DA:25,1
DA:35,2
DA:37,0
DA:40,2
DA:41,2
DA:42,2
DA:43,2
DA:45,0
DA:75,1
DA:76,1
DA:77,1
DA:78,1
DA:79,2
DA:80,1
DA:81,2
DA:82,1
DA:85,1
DA:86,1
DA:87,1
DA:88,1
DA:93,1
DA:103,1
DA:104,4
DA:106,2
DA:109,1
DA:112,2
DA:113,1
DA:115,0
DA:118,0
DA:123,1
DA:126,1
DA:127,2
DA:129,1
DA:132,2
DA:133,7
DA:134,1
DA:135,2
DA:137,0
DA:140,0
DA:145,1
DA:151,1
DA:152,1
DA:153,1
DA:154,1
DA:155,1
DA:156,1
DA:158,3
DA:159,1
DA:160,2
DA:162,1
DA:166,1
DA:167,7
DA:168,1
DA:170,1
DA:172,2
DA:174,0
DA:177,0
DA:182,0
DA:188,0
DA:189,0
DA:190,0
DA:191,0
DA:192,0
DA:193,0
DA:195,0
DA:196,0
DA:197,0
DA:199,0
DA:203,0
DA:204,0
DA:205,0
DA:207,0
DA:209,0
DA:212,0
DA:217,1
DA:218,1
DA:219,0
DA:221,1
DA:222,1
DA:228,1
DA:229,2
LF:81
LH:55
BRDA:25,0,0,1
BRDA:34,0,0,1
BRDA:36,0,0,0
BRDA:39,0,0,1
BRDA:44,0,0,0
BRDA:75,0,0,1
BRDA:79,0,0,1
BRDA:81,0,0,1
BRDA:93,0,0,1
BRDA:102,0,0,1
BRDA:114,0,0,0
BRDA:115,0,0,0
BRDA:123,0,0,1
BRDA:131,0,0,1
BRDA:136,0,0,0
BRDA:137,0,0,0
BRDA:145,0,0,1
BRDA:165,0,0,1
BRDA:173,0,0,0
BRDA:174,0,0,0
BRDA:182,0,0,0
BRDA:202,0,0,0
BRDA:208,0,0,0
BRDA:209,0,0,0
BRDA:217,0,0,1
BRDA:218,0,0,0
BRDA:228,0,0,1
end_of_record
SF:C:\DEV\dart_proffix_rest\lib\src\exception.dart
FN:7,ProffixException.ProffixException
FN:10,ProffixException.ProffixException.fromJson
FN:18,ProffixException.toString
FN:29,ProffixExceptionField.ProffixExceptionField
FNF:4
FNH:0
DA:7,0
DA:10,0
DA:11,0
DA:12,0
DA:13,0
DA:14,0
DA:15,0
DA:16,0
DA:18,0
DA:20,0
DA:21,0
DA:29,0
LF:12
LH:0
BRDA:7,0,0,0
BRDA:10,0,0,0
BRDA:18,0,0,0
BRDA:20,0,0,0
BRDA:29,0,0,0
end_of_record
SF:C:\DEV\dart_proffix_rest\lib\src\client_base.dart
FN:5,BaseProffixClient.BaseProffixClient
FN:18,BaseProffixClient.get
FN:24,BaseProffixClient.post
FNF:3
FNH:0
DA:5,0
LF:1
LH:0
BRDA:5,0,0,0
end_of_record
SF:C:\DEV\dart_proffix_rest\lib\src\client_options.dart
FN:13,ProffixRestOptions.ProffixRestOptions
FNDA:1,ProffixRestOptions.ProffixRestOptions
FNF:1
FNH:1
DA:13,1
LF:1
LH:1
BRDA:13,0,0,1
end_of_record
